
Прококол загрузки файла товаров от 2017-03-15 17:46:23.238974
Строка № 0 не найдено соответсвие в TECDOC. [BC1-7005C;SKF;0;22255.86;18917.58;16692.06;15579.3;15356.22;14911.38
]
Строка № 0 не найдено соответсвие в TECDOC. [HM801346X/310/QCL7A;SKF;0;2821.5;2398.44;2115.96;1975.38;1947;1890.24
]
Строка № 0 не найдено соответсвие в TECDOC. [BAR-0084D/VK407;SKF;0;4974.42;4227.96;3730.98;3482.16;3432.66;3333
]
Строка № 0 не найдено соответсвие в TECDOC. [BAH-0053ADX;SKF;0;1855.92;1577.4;1391.94;1298.88;1280.4;1243.44
]
Строка № 0 не найдено соответсвие в TECDOC. [GEH20C/VQ263;SKF;0;1865.82;1585.98;1399.2;1306.14;1287.66;1250.04
]
Строка № 0 не найдено соответсвие в TECDOC. [BT1-1751/Q;SKF;0;1078.44;916.74;809.16;755.04;743.82;722.7
]
Строка № 0 не найдено соответсвие в TECDOC. [HM88649/2/610/2/QCL7C;SKF;0;1795.86;1526.58;1347.06;1257.3;1238.82;1203.18
]
Строка № 0 не найдено соответсвие в TECDOC. [BB1-3111;SKF;0;2166.78;1842.06;1624.92;1516.68;1494.9;1452
]
Строка № 0 не найдено соответсвие в TECDOC. [BAHB633528F;SKF;0;2991.78;2542.98;2244;2094.18;2064.48;2004.42
]
Строка № 0 не найдено соответсвие в TECDOC. [JL69349X/310/Q;SKF;0;1207.8;1026.96;906.18;845.46;833.58;809.16
]
Строка № 0 не найдено соответсвие в TECDOC. [BAH-5001A;SKF;0;2124.54;1805.76;1593.24;1486.98;1465.86;1423.62
]
Строка № 0 не найдено соответсвие в TECDOC. [BB1B362699C;SKF;0;5111.04;4344.12;3833.28;3577.86;3526.38;3424.08
]
Строка № 0 не найдено соответсвие в TECDOC. [BTH-1222B;SKF;0;2199.78;1869.78;1650;1539.78;1518;1473.78
]
Строка № 0 не найдено соответсвие в TECDOC. [BAH-0116;SKF;0;1807.08;1535.82;1355.64;1265.22;1246.74;1210.44
]
Строка № 0 не найдено соответсвие в TECDOC. [BAR-0029D/VK108;SKF;0;4330.26;3680.82;3247.86;3031.38;2987.82;2901.36
]
Строка № 0 не найдено соответсвие в TECDOC. [BAH-0013E;SKF;0;1368.18;1162.92;1026.3;957.66;943.8;916.74
]
Строка № 0 не найдено соответсвие в TECDOC. [LAGF18;SKF;0;15675;13324.08;11756.58;10972.5;10816.08;10502.58
]
Строка № 0 не найдено соответсвие в TECDOC. [BT1B332987/CL7CVQ060;SKF;0;4257.66;3618.78;3193.08;2980.56;2937.66;2852.52
]
Строка № 1 не найдено соответсвие в TECDOC. [BAH-0055AAX;SKF;0;2067.78;1757.58;1551;1447.38;1426.92;1385.34
]
Строка № 1 не найдено соответсвие в TECDOC. [HM803110/2/QCL7C;SKF;0;659.34;560.34;494.34;461.34;454.74;441.54
]
Строка № 1 не найдено соответсвие в TECDOC. [BB1-0016A;SKF;0;1009.8;858.66;757.68;706.86;696.96;676.5
]
Строка № 1 не найдено соответсвие в TECDOC. [HM88649/2/QCL7C;SKF;0;1005.84;854.7;754.38;704.22;694.32;673.86
]
Строка № 1 не найдено соответсвие в TECDOC. [BAHB633809AE;SKF;0;2562.12;2178;1921.92;1793.22;1768.14;1716.66
]
Строка № 1 не найдено соответсвие в TECDOC. [JLM104910AA/Q;SKF;0;546.48;464.64;409.86;382.8;376.86;366.3
]
Строка № 1 не найдено соответсвие в TECDOC. [BB1-3160B;SKF;0;847.44;720.06;635.58;593.34;584.76;567.6
]
Строка № 1 не найдено соответсвие в TECDOC. [GEH30TXG3E-2LS;SKF;0;7295.64;6201.36;5472.06;5107.08;5033.82;4887.96
]
Строка № 1 не найдено соответсвие в TECDOC. [BB1B362711A;SKF;0;3111.24;2644.62;2333.76;2178;2146.98;2084.28
]
Строка № 1 не найдено соответсвие в TECDOC. [BAHB-633815AA;SKF;0;1960.2;1666.5;1470.48;1372.14;1352.34;1313.4
]
Строка № 1 не найдено соответсвие в TECDOC. [BT1B243799;SKF;0;15474.36;13153.14;11606.1;10831.92;10677.48;10367.94
]
Строка № 1 не найдено соответсвие в TECDOC. [BAH-0122;SKF;0;2544.3;2162.82;1908.06;1781.34;1755.6;1704.78
]
Строка № 1 не найдено соответсвие в TECDOC. [BAR-0042AB/VK108;SKF;0;5881.26;4998.84;4410.78;4117.08;4058.34;3940.2
]
Строка № 1 не найдено соответсвие в TECDOC. [BT1B328688AC/Q;SKF;0;528;448.8;396;369.6;364.32;353.76
]
Строка № 1 не найдено соответсвие в TECDOC. [LAGF50;SKF;0;17955.96;15262.5;13467.3;12569.04;12389.52;12030.48
]
Строка № 1 не найдено соответсвие в TECDOC. [BC1B320297D;SKF;0;2757.48;2343.66;2068.44;1930.5;1902.78;1847.34
]
Строка № 1 не найдено соответсвие в TECDOC. [BT1B639405/Q;SKF;0;2098.14;1783.32;1573.44;1468.5;1448.04;1405.8
]
Строка № 2 не найдено соответсвие в TECDOC. [BT1-0017A/Q;SKF;0;1329.24;1129.92;997.26;930.6;917.4;890.34
]
Строка № 2 не найдено соответсвие в TECDOC. [BAH-0059C;SKF;0;2251.92;1914;1688.94;1576.08;1553.64;1508.76
]
Строка № 2 не найдено соответсвие в TECDOC. [BB1-0078;SKF;0;621.06;528;465.96;434.94;428.34;415.8
]
Строка № 2 не найдено соответсвие в TECDOC. [HM803146/2/110/2/QCL7C;SKF;0;2638.68;2242.68;1979.34;1847.34;1820.94;1768.14
]
Строка № 2 не найдено соответсвие в TECDOC. [BB1B362937B;SKF;0;2661.12;2261.82;1995.84;1862.52;1836.12;1782.66
]
Строка № 2 не найдено соответсвие в TECDOC. [BB1-3162;SKF;0;2463.12;2093.52;1847.34;1723.92;1699.5;1650
]
Строка № 2 не найдено соответсвие в TECDOC. [BAHB633966BB;SKF;0;1868.46;1587.96;1401.18;1308.12;1288.98;1252.02
]
Строка № 2 не найдено соответсвие в TECDOC. [HM89410/2/QCL7C;SKF;0;940.5;799.26;705.54;658.68;648.78;630.3
]
Строка № 2 не найдено соответсвие в TECDOC. [BT1B328053AB/Q;SKF;0;1047.42;890.34;785.4;733.26;722.7;701.58
]
Строка № 2 не найдено соответсвие в TECDOC. [BTHB-329129AAE;SKF;0;3525.06;2996.4;2643.96;2467.74;2432.1;2361.48
]
Строка № 2 не найдено соответсвие в TECDOC. [BTH-0055D;SKF;0;11689.92;9936.3;8767.44;8182.68;8065.86;7832.22
]
Строка № 2 не найдено соответсвие в TECDOC. [BAHB309797C;SKF;0;3650.46;3102.66;2737.68;2555.52;2518.56;2445.96
]
Строка № 2 не найдено соответсвие в TECDOC. [L44643/610;SKF;0;656.04;557.7;492.36;459.36;452.76;439.56
]
Строка № 2 не найдено соответсвие в TECDOC. [HM218210/2A/Q;SKF;0;870.54;739.86;652.74;609.18;600.6;583.44
]
Строка № 2 не найдено соответсвие в TECDOC. [BAH-0144A;SKF;0;3384.48;2876.94;2538.36;2369.4;2335.08;2267.76
]
Строка № 2 не найдено соответсвие в TECDOC. [BAR-0045B/VK108;SKF;0;6164.4;5239.74;4623.3;4315.08;4253.7;4130.28
]
Строка № 2 не найдено соответсвие в TECDOC. [LM102910/Q;SKF;0;383.46;326.04;287.76;268.62;264.66;256.74
]
Строка № 2 не найдено соответсвие в TECDOC. [BT1B328774/Q;SKF;0;6289.14;5346;4717.02;4402.2;4339.5;4213.44
]
Строка № 2 не найдено соответсвие в TECDOC. [BC1B320330A;SKF;0;7398.6;6289.14;5549.28;5179.02;5105.1;4957.26
]
Строка № 2 не найдено соответсвие в TECDOC. [BT2-0075E;SKF;0;35956.14;30562.62;26966.94;25169.1;24810.06;24090.66
]
Строка № 3 не найдено соответсвие в TECDOC. [BT1-0082/QCL7C;SKF;0;784.74;667.26;588.72;549.12;541.2;526.02
]
Строка № 3 не найдено соответсвие в TECDOC. [BAH-0064AA;SKF;0;1527.24;1298.22;1145.76;1069.2;1054.02;1023
]
Строка № 3 не найдено соответсвие в TECDOC. [BB1-0566;SKF;0;406.56;345.84;304.92;284.46;280.5;272.58
]
Строка № 3 не найдено соответсвие в TECDOC. [BB1B363171C/HN3;SKF;0;3156.12;2682.9;2367.42;2209.02;2178;2114.64
]
Строка № 3 не найдено соответсвие в TECDOC. [BTHB-329129ABA;SKF;0;3356.76;2853.18;2517.9;2349.6;2315.94;2249.28
]
Строка № 3 не найдено соответсвие в TECDOC. [BAHB311315BD;SKF;0;1793.22;1523.94;1345.08;1255.32;1237.5;1201.2
]
Строка № 3 не найдено соответсвие в TECDOC. [HM89446/2/QCL7C;SKF;0;1273.8;1083.06;955.68;891.66;879.12;853.38
]
Строка № 3 не найдено соответсвие в TECDOC. [HM803146/2/QCL7C;SKF;0;1113.42;946.44;834.9;779.46;768.24;745.8
]
Строка № 3 не найдено соответсвие в TECDOC. [L44649/610/Q;SKF;0;578.16;491.7;433.62;404.58;398.64;387.42
]
Строка № 3 не найдено соответсвие в TECDOC. [BAH-0179;SKF;0;999.24;849.42;749.76;699.6;689.7;669.24
]
Строка № 3 не найдено соответсвие в TECDOC. [BAR-0048/VK108;SKF;0;5236.44;4451.04;3927.66;3665.64;3612.84;3508.56
]
Строка № 3 не найдено соответсвие в TECDOC. [BT1B328227CA/Q;SKF;0;1521.3;1292.94;1141.14;1065.24;1049.4;1019.04
]
Строка № 3 не найдено соответсвие в TECDOC. [BTH-1053B;SKF;0;9125.16;7756.32;6844.2;6387.48;6296.4;6113.58
]
Строка № 3 не найдено соответсвие в TECDOC. [BT1B328788/Q;SKF;0;5697.12;4842.42;4272.84;3987.72;3930.96;3816.78
]
Строка № 3 не найдено соответсвие в TECDOC. [BT2B1861704B;SKF;0;2304.72;1958.88;1728.54;1613.04;1589.94;1544.4
]
Строка № 3 не найдено соответсвие в TECDOC. [BAH-0028AA;SKF;0;1331.88;1131.9;999.24;932.58;918.72;892.32
]
Строка № 3 не найдено соответсвие в TECDOC. [BC1B322722A;SKF;0;7391.34;6282.54;5543.34;5173.74;5099.82;4951.98
]
Строка № 4 не найдено соответсвие в TECDOC. [BAH-0068D;SKF;0;2234.76;1899.48;1676.4;1564.2;1541.76;1497.54
]
Строка № 4 не найдено соответсвие в TECDOC. [BB1-0603A;SKF;0;279.84;237.6;209.88;196.02;193.38;187.44
]
Строка № 4 не найдено соответсвие в TECDOC. [BB1B363228DB;SKF;0;2180.64;1853.28;1635.48;1526.58;1504.8;1461.24
]
Строка № 4 не найдено соответсвие в TECDOC. [HM89449/2/410/2/QCL7C;SKF;0;2336.4;1985.94;1752.3;1635.48;1612.38;1565.52
]
Строка № 4 не найдено соответсвие в TECDOC. [BTHB1861887A/Q;SKF;0;4405.5;3744.84;3303.96;3084.18;3039.96;2951.52
]
Строка № 4 не найдено соответсвие в TECDOC. [BAHB311316B;SKF;0;1807.08;1535.82;1355.64;1265.22;1246.74;1210.44
]
Строка № 4 не найдено соответсвие в TECDOC. [BAH-0185D;SKF;0;1497.54;1273.14;1123.32;1048.08;1033.56;1003.2
]
Строка № 4 не найдено соответсвие в TECDOC. [L45410/Q;SKF;0;147.84;125.4;110.88;103.62;102.3;99
]
Строка № 4 не найдено соответсвие в TECDOC. [BB1-3172;SKF;0;1617.66;1374.78;1213.08;1132.56;1116.06;1083.72
]
Строка № 4 не найдено соответсвие в TECDOC. [HM218248/W/2A/Q;SKF;0;3167.34;2692.14;2375.34;2216.94;2185.26;2121.9
]
Строка № 4 не найдено соответсвие в TECDOC. [BAHB636035A;SKF;0;3272.94;2781.9;2454.54;2290.86;2258.52;2193.18
]
Строка № 4 не найдено соответсвие в TECDOC. [BAR-0049E/VK108;SKF;0;6375.6;5419.26;4781.7;4462.92;4398.9;4271.52
]
Строка № 4 не найдено соответсвие в TECDOC. [HM803149/2/110/2/QCL7C;SKF;0;3091.44;2627.46;2318.58;2164.14;2133.12;2071.08
]
Строка № 4 не найдено соответсвие в TECDOC. [BT1B328236A/QCL7CVC027;SKF;0;984.72;836.88;738.54;689.04;679.14;660
]
Строка № 4 не найдено соответсвие в TECDOC. [BT1B329013A/Q;SKF;0;566.94;481.8;425.04;396.66;391.38;380.16
]
Строка № 4 не найдено соответсвие в TECDOC. [BT2B445539CC;SKF;0;1173.48;997.26;880.44;821.7;809.82;786.06
]
Строка № 4 не найдено соответсвие в TECDOC. [BC1B326145A;SKF;0;4282.74;3640.56;3212.22;2997.72;2954.82;2869.68
]
Строка № 5 не найдено соответсвие в TECDOC. [BT1-0097C;SKF;0;3078.9;2616.9;2309.34;2155.56;2124.54;2063.16
]
Строка № 5 не найдено соответсвие в TECDOC. [BAH-0069;SKF;0;2620.86;2227.5;1965.48;1834.8;1808.4;1756.26
]
Строка № 5 не найдено соответсвие в TECDOC. [BB1B420205;SKF;0;269.94;229.68;202.62;188.76;186.12;180.84
]
Строка № 5 не найдено соответсвие в TECDOC. [BTHB1861887AA;SKF;0;3917.76;3330.36;2938.32;2742.3;2703.36;2624.82
]
Строка № 5 не найдено соответсвие в TECDOC. [HM89449/2/QCL7C;SKF;0;1236.18;1050.72;927.3;865.26;852.72;828.3
]
Строка № 5 не найдено соответсвие в TECDOC. [BAH-0186D;SKF;0;1865.82;1585.98;1399.2;1306.14;1287.66;1250.04
]
Строка № 5 не найдено соответсвие в TECDOC. [L45449/410/Q;SKF;0;441.54;375.54;331.32;308.88;304.92;295.68
]
Строка № 5 не найдено соответсвие в TECDOC. [HM220110/Q;SKF;0;2108.04;1791.9;1581.36;1475.76;1454.64;1412.4
]
Строка № 5 не найдено соответсвие в TECDOC. [BAHB636060C;SKF;0;1106.16;940.5;829.62;774.18;762.96;741.18
]
Строка № 5 не найдено соответсвие в TECDOC. [BB1-3189;SKF;0;3876.18;3294.72;2907.3;2713.26;2674.32;2597.1
]
Строка № 5 не найдено соответсвие в TECDOC. [BAR-0050AC/VK108;SKF;0;6238.98;5303.1;4679.4;4367.22;4305.18;4180.44
]
Строка № 5 не найдено соответсвие в TECDOC. [BT1B328236A/QCL7CVK210;SKF;0;984.72;836.88;738.54;689.04;679.14;660
]
Строка № 5 не найдено соответсвие в TECDOC. [HM88510/2/QCL7C;SKF;0;879.12;747.12;659.34;615.12;606.54;588.72
]
Строка № 5 не найдено соответсвие в TECDOC. [BTH-1206AB;SKF;0;2123.22;1804.44;1592.58;1486.32;1465.2;1422.3
]
Строка № 5 не найдено соответсвие в TECDOC. [BAH-0043BB;SKF;0;1390.62;1182.06;1042.8;973.5;959.64;931.92
]
Строка № 5 не найдено соответсвие в TECDOC. [BT2B445620BB;SKF;0;1455.96;1237.5;1092.3;1019.04;1004.52;975.48
]
Строка № 5 не найдено соответсвие в TECDOC. [BC1B326548C;SKF;0;13065.36;11105.82;9799.02;9145.62;9014.94;8753.58
]
Строка № 6 не найдено соответсвие в TECDOC. [BB1-3055B;SKF;0;1193.94;1015.08;895.62;835.56;823.68;799.92
]
Строка № 6 не найдено соответсвие в TECDOC. [BB1B446508AC;SKF;0;671.22;570.24;503.58;469.92;463.32;449.46
]
Строка № 6 не найдено соответсвие в TECDOC. [HP407 965 : 6399800364 УПРУГИЙ ЭЛЕМЕНТ MERCEDES/SMART;SKF;0;682.44;580.14;512.16;477.84;470.58;457.38
]
Строка № 6 не найдено соответсвие в TECDOC. [L639062;SKF;0;1054.68;896.28;791.34;738.54;727.98;706.86
]
Строка № 6 не найдено соответсвие в TECDOC. [BTHB329129ABC;SKF;0;5342.04;4540.8;4006.86;3739.56;3686.1;3579.18
]
Строка № 6 не найдено соответсвие в TECDOC. [BB1-3255B;SKF;0;1547.7;1315.38;1160.94;1083.72;1067.88;1036.86
]
Строка № 6 не найдено соответсвие в TECDOC. [BAHB311424B;SKF;0;2376.66;2020.26;1782.66;1663.86;1640.1;1592.58
]
Строка № 6 не найдено соответсвие в TECDOC. [BAH-0204E;SKF;0;1957.56;1663.86;1468.5;1370.16;1351.02;1311.42
]
Строка № 6 не найдено соответсвие в TECDOC. [BAHB636096A;SKF;0;1726.56;1467.84;1294.92;1208.46;1191.3;1156.98
]
Строка № 6 не найдено соответсвие в TECDOC. [BAR-0051/VK210;SKF;0;7363.62;6258.78;5522.88;5154.6;5080.68;4933.5
]
Строка № 6 не найдено соответсвие в TECDOC. [BAH-0043BC;SKF;0;1458.6;1240.14;1094.28;1021.02;1006.5;977.46
]
Строка № 6 не найдено соответсвие в TECDOC. [HM88542/2/510/2/QCL7C;SKF;0;2335.08;1984.62;1751.64;1634.82;1611.06;1564.2
]
Строка № 6 не найдено соответсвие в TECDOC. [BTH-1209E;SKF;0;2300.1;1954.92;1725.24;1610.4;1587.3;1541.1
]
Строка № 6 не найдено соответсвие в TECDOC. [BT1B332589/QCL7C;SKF;0;7201.92;6121.5;5401.44;5041.08;4969.14;4825.26
]
Строка № 6 не найдено соответсвие в TECDOC. [BTF-0068;SKF;0;18130.2;15411;13597.98;12691.14;12509.64;12147.3
]
Строка № 6 не найдено соответсвие в TECDOC. [BC1B635251;SKF;0;3014.88;2562.78;2261.16;2110.68;2080.32;2020.26
]
Строка № 7 не найдено соответсвие в TECDOC. [BAH-0106D;SKF;0;1886.28;1603.14;1415.04;1320.66;1301.52;1263.9
]
Строка № 7 не найдено соответсвие в TECDOC. [BT1-0175/QCL7C;SKF;0;3377.22;2870.34;2533.08;2364.12;2330.46;2262.48
]
Строка № 7 не найдено соответсвие в TECDOC. [BB1-3055C;SKF;0;972.18;826.32;729.3;680.46;670.56;651.42
]
Строка № 7 не найдено соответсвие в TECDOC. [BB1B446740;SKF;0;1017.06;864.6;762.96;712.14;701.58;681.12
]
Строка № 7 не найдено соответсвие в TECDOC. [JL69349/310/Q;SKF;0;1167.54;992.64;875.82;817.08;805.86;782.1
]
Строка № 7 не найдено соответсвие в TECDOC. [BAHB311443BB;SKF;0;1503.48;1277.76;1127.94;1052.7;1037.52;1007.16
]
Строка № 7 не найдено соответсвие в TECDOC. [BTHB329129CE;SKF;0;2904;2468.4;2178;2032.8;2003.76;1945.68
]
Строка № 7 не найдено соответсвие в TECDOC. [BB1-3357;SKF;0;6761.7;5747.28;5071.44;4733.52;4665.54;4530.24
]
Строка № 7 не найдено соответсвие в TECDOC. [BAH-5000AA;SKF;0;1167.54;992.64;875.82;817.08;805.86;782.1
]
Строка № 7 не найдено соответсвие в TECDOC. [HM220149/Q;SKF;0;5963.1;5068.8;4472.16;4174.5;4114.44;3994.98
]
Строка № 7 не найдено соответсвие в TECDOC. [BAH-0049;SKF;0;2289.54;1946.34;1717.32;1602.48;1580.04;1533.84
]
Строка № 7 не найдено соответсвие в TECDOC. [BAR-0059AX;SKF;0;14863.86;12634.38;11148.06;10404.9;10255.74;9958.74
]
Строка № 7 не найдено соответсвие в TECDOC. [HM88542/2/QCL7C;SKF;0;1360.92;1156.98;1021.02;952.38;939.18;912.12
]
Строка № 7 не найдено соответсвие в TECDOC. [BTH-1215C;SKF;0;4458.3;3789.72;3343.56;3121.14;3076.26;2987.16
]
Строка № 7 не найдено соответсвие в TECDOC. [BT1B332821BA/Q;SKF;0;1785.96;1518;1339.8;1250.04;1232.22;1196.58
]
Строка № 7 не найдено соответсвие в TECDOC. [BTF-1125C;SKF;0;5464.8;4645.08;4098.6;3825.36;3770.58;3661.68
]
Строка № 7 не найдено соответсвие в TECDOC. [BLAB366485C;SKF;0;9709.92;8253.3;7282.44;6796.68;6699.66;6505.62
]
Строка № 8 не найдено соответсвие в TECDOC. [BC1-0013E;SKF;0;1731.84;1471.8;1298.88;1212.42;1195.26;1160.28
]
Строка № 8 не найдено соответсвие в TECDOC. [BB1-3096;SKF;0;1081.08;918.72;811.14;757.02;745.8;724.02
]
Строка № 8 не найдено соответсвие в TECDOC. [BT1-0252/QVA621;SKF;0;755.04;641.52;566.28;528.66;520.74;505.56
]
Строка № 8 не найдено соответсвие в TECDOC. [JL69349A/310/Q;SKF;0;1298.88;1104.18;974.16;909.48;896.28;870.54
]
Строка № 8 не найдено соответсвие в TECDOC. [BTHB329129DE;SKF;0;1945.02;1653.3;1458.6;1361.58;1341.78;1302.84
]
Строка № 8 не найдено соответсвие в TECDOC. [BAH-5000BB;SKF;0;1700.16;1445.4;1275.12;1189.98;1172.82;1139.16
]
Строка № 8 не найдено соответсвие в TECDOC. [HM801346/310/Q;SKF;0;3132.36;2662.44;2349.6;2192.52;2161.5;2098.8
]
Строка № 8 не найдено соответсвие в TECDOC. [L68149/111/Q;SKF;0;669.9;569.58;502.26;469.26;462;448.8
]
Строка № 8 не найдено соответсвие в TECDOC. [BB1B362668A;SKF;0;2361.48;2007.06;1771.44;1653.3;1629.54;1582.02
]
Строка № 8 не найдено соответсвие в TECDOC. [BAHB636193C;SKF;0;1662.54;1413.06;1246.74;1163.58;1147.08;1114.08
]
Строка № 8 не найдено соответсвие в TECDOC. [BAHB633313EA;SKF;0;1160.94;986.7;870.54;812.46;801.24;778.14
]
Строка № 8 не найдено соответсвие в TECDOC. [BT1B328406A/Q;SKF;0;6139.32;5218.62;4604.82;4297.26;4235.88;4113.12
]
Строка № 8 не найдено соответсвие в TECDOC. [BAR-0078AA;SKF;0;7905.48;6719.46;5929.44;5534.1;5454.9;5296.5
]
Строка № 8 не найдено соответсвие в TECDOC. [HM88610/2/QCL7C;SKF;0;608.52;517.44;456.72;425.7;419.76;407.88
]
Строка № 8 не найдено соответсвие в TECDOC. [BT1B332909A/QCL7C;SKF;0;3388.44;2880.24;2541.66;2372.04;2337.72;2270.4
]
Строка № 8 не найдено соответсвие в TECDOC. [BLRB366746A;SKF;0;6609.9;5618.58;4957.26;4627.26;4560.6;4428.6
]
Строка № 9 не найдено соответсвие в TECDOC. [LAGF18;SKF;0;15675;13324.08;11756.58;10972.5;10816.08;10502.58
]
Строка № 10 не найдено соответсвие в TECDOC. [LAGF50;SKF;0;17955.96;15262.5;13467.3;12569.04;12389.52;12030.48
]
Строка № 11 не найдено соответсвие в TECDOC. [LM102910/Q;SKF;0;383.46;326.04;287.76;268.62;264.66;256.74
]